<?xml version="1.0" encoding="UTF-8"?>
<!-- Generated by org.testng.reporters.JUnitReportReporter -->
<testsuite hostname="LAPTOP-T2SHION8" failures="0" tests="7" name="TestTask1" time="0.032" errors="0" timestamp="2025-02-24T12:22:56 WET" skipped="0">
  <testcase classname="TestTask1" name="testSecondElementIsGreater" time="0.001"/>
  <testcase classname="TestTask1" name="testZeroAndPositiveNumber" time="0.001"/>
  <testcase classname="TestTask1" name="testFirstFromThreeElementIsGreater" time="0.001"/>
  <testcase classname="TestTask1" name="testZeroAndNegativeNumber" time="0.001"/>
  <testcase classname="TestTask1" name="testNegativeNumbers" time="0.000"/>
  <testcase classname="TestTask1" name="testFirstElementIsGreater" time="0.001"/>
  <testcase classname="TestTask1" name="testElementsAreEqual" time="0.027"/>
</testsuite> <!-- TestTask1 -->
